2025-03-05 15:17:07,631 - tensorflow - WARNING - From C:\Users\udaykumard\AppData\Local\Packages\PythonSoftwareFoundation.Python.3.10_qbz5n2kfra8p0\LocalCache\local-packages\Python310\site-packages\keras\src\legacy\backend.py:666: The name tf.nn.ctc_loss is deprecated. Please use tf.compat.v1.nn.ctc_loss instead.

2025-03-05 15:46:00,005 - root - INFO - Epoch 0; CER: 0.9786231517791748; WER: 1.0; loss: 21.796497344970703; val_CER: 0.9747520089149475; val_WER: 1.0; val_loss: 20.302297592163086
2025-03-05 15:59:32,350 - root - INFO - Epoch 1; CER: 0.923150360584259; WER: 0.9999485015869141; loss: 17.54813003540039; val_CER: 0.9099941849708557; val_WER: 0.9997390508651733; val_loss: 11.918022155761719
2025-03-05 16:13:21,992 - root - INFO - Epoch 2; CER: 0.8374610543251038; WER: 0.9982369542121887; loss: 12.510961532592773; val_CER: 0.8245167136192322; val_WER: 0.9965560436248779; val_loss: 8.209076881408691
2025-03-05 16:27:21,784 - root - INFO - Epoch 3; CER: 0.7595715522766113; WER: 0.9910488128662109; loss: 9.951123237609863; val_CER: 0.7493082880973816; val_WER: 0.9878619313240051; val_loss: 6.270997047424316
2025-03-05 16:41:03,885 - root - INFO - Epoch 4; CER: 0.6957936882972717; WER: 0.9782140254974365; loss: 8.410567283630371; val_CER: 0.6875635385513306; val_WER: 0.9743441939353943; val_loss: 5.103393077850342
2025-03-05 16:54:43,394 - root - INFO - Epoch 5; CER: 0.6477811932563782; WER: 0.9650183320045471; loss: 7.844607830047607; val_CER: 0.6420585513114929; val_WER: 0.9623423218727112; val_loss: 4.896426200866699
2025-03-05 17:08:21,852 - root - INFO - Epoch 6; CER: 0.604157567024231; WER: 0.9460570216178894; loss: 5.788882732391357; val_CER: 0.5982050895690918; val_WER: 0.940902829170227; val_loss: 2.761353015899658
2025-03-05 17:22:11,867 - root - INFO - Epoch 7; CER: 0.5649939775466919; WER: 0.9224223494529724; loss: 4.984484672546387; val_CER: 0.5600200891494751; val_WER: 0.9175055623054504; val_loss: 2.345440626144409
2025-03-05 17:36:06,060 - root - INFO - Epoch 8; CER: 0.5317767262458801; WER: 0.8993132710456848; loss: 4.51235818862915; val_CER: 0.5277742743492126; val_WER: 0.8952675461769104; val_loss: 2.360588312149048
2025-03-05 17:49:52,641 - root - INFO - Epoch 9; CER: 0.5035558342933655; WER: 0.8779584765434265; loss: 4.161065101623535; val_CER: 0.49999183416366577; val_WER: 0.8738744854927063; val_loss: 1.9739784002304077
2025-03-05 18:03:42,306 - root - INFO - Epoch 10; CER: 0.4791911244392395; WER: 0.857639491558075; loss: 3.9198412895202637; val_CER: 0.47607019543647766; val_WER: 0.8537630438804626; val_loss: 1.792870044708252
2025-03-05 18:17:22,697 - root - INFO - Epoch 11; CER: 0.45811399817466736; WER: 0.839057981967926; loss: 3.744584321975708; val_CER: 0.455354243516922; val_WER: 0.8353563547134399; val_loss: 1.6282353401184082
2025-03-05 18:31:15,619 - root - INFO - Epoch 12; CER: 0.4396299719810486; WER: 0.8218325972557068; loss: 3.5745272636413574; val_CER: 0.43721750378608704; val_WER: 0.8185381889343262; val_loss: 1.599974274635315
2025-03-05 18:45:06,314 - root - INFO - Epoch 13; CER: 0.42329245805740356; WER: 0.8060930371284485; loss: 3.443309783935547; val_CER: 0.4212191700935364; val_WER: 0.8032885193824768; val_loss: 1.6951384544372559
2025-03-05 18:58:51,041 - root - INFO - Epoch 14; CER: 0.40891745686531067; WER: 0.7919008135795593; loss: 3.3563902378082275; val_CER: 0.4070313572883606; val_WER: 0.7892463207244873; val_loss: 1.57010817527771
2025-03-05 19:12:30,100 - root - INFO - Epoch 15; CER: 0.3960005044937134; WER: 0.7787752747535706; loss: 3.253404378890991; val_CER: 0.39440861344337463; val_WER: 0.7766832113265991; val_loss: 1.8226656913757324
2025-03-05 19:26:08,829 - root - INFO - Epoch 16; CER: 0.3844698667526245; WER: 0.7670327425003052; loss: 3.177283763885498; val_CER: 0.3828985095024109; val_WER: 0.764681875705719; val_loss: 1.4359714984893799
2025-03-05 19:39:58,718 - root - INFO - Epoch 17; CER: 0.37400951981544495; WER: 0.7559762597084045; loss: 3.1510870456695557; val_CER: 0.3725689947605133; val_WER: 0.7537440657615662; val_loss: 1.3759690523147583
2025-03-05 19:53:45,360 - root - INFO - Epoch 18; CER: 0.36435258388519287; WER: 0.7453011274337769; loss: 3.039698600769043; val_CER: 0.3630332946777344; val_WER: 0.7432224154472351; val_loss: 1.3572616577148438
2025-03-05 20:07:26,450 - root - INFO - Epoch 19; CER: 0.3554469347000122; WER: 0.7353578805923462; loss: 2.9573965072631836; val_CER: 0.35426047444343567; val_WER: 0.733515202999115; val_loss: 1.4098438024520874
2025-03-05 20:21:04,793 - root - INFO - Epoch 20; CER: 0.3474307656288147; WER: 0.7265070080757141; loss: 2.963183641433716; val_CER: 0.34630176424980164; val_WER: 0.7246559858322144; val_loss: 1.3012785911560059
2025-03-05 20:34:44,523 - root - INFO - Epoch 21; CER: 0.3400462865829468; WER: 0.7181229591369629; loss: 2.9327332973480225; val_CER: 0.33901017904281616; val_WER: 0.7164216041564941; val_loss: 1.352325201034546
2025-03-05 20:48:33,695 - root - INFO - Epoch 22; CER: 0.33315667510032654; WER: 0.7101439237594604; loss: 2.8530850410461426; val_CER: 0.3322024345397949; val_WER: 0.7085501551628113; val_loss: 1.3729538917541504
2025-03-05 21:02:20,025 - root - INFO - Epoch 23; CER: 0.3267713189125061; WER: 0.7025927305221558; loss: 2.810555934906006; val_CER: 0.3258765935897827; val_WER: 0.7010934352874756; val_loss: 1.3262596130371094
2025-03-05 21:16:01,692 - root - INFO - Epoch 24; CER: 0.3207876980304718; WER: 0.6954194903373718; loss: 2.7630081176757812; val_CER: 0.3199528753757477; val_WER: 0.6940052509307861; val_loss: 1.3341338634490967
2025-03-05 21:29:43,474 - root - INFO - Epoch 25; CER: 0.3152598738670349; WER: 0.6887277364730835; loss: 2.7639288902282715; val_CER: 0.31446370482444763; val_WER: 0.6873400211334229; val_loss: 1.2502120733261108
2025-03-05 21:43:23,925 - root - INFO - Epoch 26; CER: 0.31009986996650696; WER: 0.6824134588241577; loss: 2.7386984825134277; val_CER: 0.30935654044151306; val_WER: 0.681125283241272; val_loss: 1.2365291118621826
2025-03-05 21:57:13,619 - root - INFO - Epoch 27; CER: 0.3052675127983093; WER: 0.6764869093894958; loss: 2.71417498588562; val_CER: 0.3045615255832672; val_WER: 0.6752260327339172; val_loss: 1.2266429662704468
2025-03-05 22:10:58,361 - root - INFO - Epoch 28; CER: 0.300700306892395; WER: 0.6708091497421265; loss: 2.6824865341186523; val_CER: 0.30002447962760925; val_WER: 0.6695848703384399; val_loss: 1.1714065074920654
2025-03-05 22:24:39,586 - root - INFO - Epoch 29; CER: 0.2963823974132538; WER: 0.6653720140457153; loss: 2.652336835861206; val_CER: 0.2957809269428253; val_WER: 0.6643374562263489; val_loss: 1.4254060983657837
2025-03-05 22:38:18,197 - root - INFO - Epoch 30; CER: 0.29235348105430603; WER: 0.6603322625160217; loss: 2.629523992538452; val_CER: 0.29180946946144104; val_WER: 0.6594380736351013; val_loss: 1.5535541772842407
2025-03-05 22:51:59,595 - root - INFO - Epoch 31; CER: 0.28848740458488464; WER: 0.6554609537124634; loss: 2.5602834224700928; val_CER: 0.28792688250541687; val_WER: 0.654447615146637; val_loss: 1.2343329191207886
2025-03-05 23:05:50,692 - root - INFO - Epoch 32; CER: 0.28488025069236755; WER: 0.6508936882019043; loss: 2.598240375518799; val_CER: 0.28432878851890564; val_WER: 0.6498606204986572; val_loss: 1.1715502738952637
2025-03-05 23:19:36,201 - root - INFO - Epoch 33; CER: 0.2814772129058838; WER: 0.6465004086494446; loss: 2.609018564224243; val_CER: 0.2809561789035797; val_WER: 0.645517110824585; val_loss: 1.1796287298202515
2025-03-05 23:33:19,339 - root - INFO - Epoch 34; CER: 0.2781679630279541; WER: 0.642113983631134; loss: 2.529934883117676; val_CER: 0.2776663601398468; val_WER: 0.6411410570144653; val_loss: 1.129388689994812
2025-03-05 23:47:05,352 - root - INFO - Epoch 35; CER: 0.2750498056411743; WER: 0.6380096673965454; loss: 2.5294151306152344; val_CER: 0.2745889723300934; val_WER: 0.6371623873710632; val_loss: 1.228731632232666
2025-03-06 00:00:56,903 - root - INFO - Epoch 36; CER: 0.2720377445220947; WER: 0.6339956521987915; loss: 2.4736645221710205; val_CER: 0.271618515253067; val_WER: 0.6332550644874573; val_loss: 1.3887524604797363
2025-03-06 00:14:50,234 - root - INFO - Epoch 37; CER: 0.269243985414505; WER: 0.6303727030754089; loss: 2.497840642929077; val_CER: 0.2687962055206299; val_WER: 0.6294920444488525; val_loss: 1.1154388189315796
2025-03-06 00:28:43,394 - root - INFO - Epoch 38; CER: 0.2665022015571594; WER: 0.6266284584999084; loss: 2.4717419147491455; val_CER: 0.2660720646381378; val_WER: 0.6257684826850891; val_loss: 1.0751817226409912
2025-03-06 00:42:26,724 - root - INFO - Epoch 39; CER: 0.26400062441825867; WER: 0.6232801675796509; loss: 2.5595433712005615; val_CER: 0.26359373331069946; val_WER: 0.6224777698516846; val_loss: 1.122670292854309
2025-03-06 00:56:08,856 - root - INFO - Epoch 40; CER: 0.2614663243293762; WER: 0.6197906136512756; loss: 2.4107158184051514; val_CER: 0.26107433438301086; val_WER: 0.6190118789672852; val_loss: 1.1077255010604858
2025-03-06 01:09:53,597 - root - INFO - Epoch 41; CER: 0.2591099441051483; WER: 0.6165541410446167; loss: 2.464637279510498; val_CER: 0.25873029232025146; val_WER: 0.6157877445220947; val_loss: 1.0806382894515991
2025-03-06 01:23:43,924 - root - INFO - Epoch 42; CER: 0.2567880153656006; WER: 0.613309919834137; loss: 2.3953726291656494; val_CER: 0.2564239799976349; val_WER: 0.6125746965408325; val_loss: 1.102185845375061
2025-03-06 01:37:29,931 - root - INFO - Epoch 43; CER: 0.2545640766620636; WER: 0.610201895236969; loss: 2.396556854248047; val_CER: 0.2542082667350769; val_WER: 0.6094717979431152; val_loss: 1.0678256750106812
2025-03-06 01:51:14,402 - root - INFO - Epoch 44; CER: 0.2524765431880951; WER: 0.6073326468467712; loss: 2.441845417022705; val_CER: 0.25214818120002747; val_WER: 0.6066812872886658; val_loss: 1.1630187034606934
2025-03-06 02:04:58,648 - root - INFO - Epoch 45; CER: 0.25040778517723083; WER: 0.6044034361839294; loss: 2.3581671714782715; val_CER: 0.25008299946784973; val_WER: 0.6037423014640808; val_loss: 1.1211336851119995
2025-03-06 02:18:43,815 - root - INFO - Epoch 46; CER: 0.24844400584697723; WER: 0.6016312837600708; loss: 2.3790383338928223; val_CER: 0.24813605844974518; val_WER: 0.6010149717330933; val_loss: 1.1665083169937134
2025-03-06 02:32:33,393 - root - INFO - Epoch 47; CER: 0.24653299152851105; WER: 0.5989269018173218; loss: 2.350206136703491; val_CER: 0.24622666835784912; val_WER: 0.5982921719551086; val_loss: 1.096663236618042
2025-03-06 02:46:20,468 - root - INFO - Epoch 48; CER: 0.24465791881084442; WER: 0.5962153673171997; loss: 2.3012332916259766; val_CER: 0.24437205493450165; val_WER: 0.5956395864486694; val_loss: 1.1573083400726318
2025-03-06 03:00:05,790 - root - INFO - Epoch 49; CER: 0.24296241998672485; WER: 0.5938601493835449; loss: 2.400188446044922; val_CER: 0.24267902970314026; val_WER: 0.593275249004364; val_loss: 1.1185507774353027
2025-03-06 03:13:49,220 - root - INFO - Epoch 50; CER: 0.24129576981067657; WER: 0.5914977788925171; loss: 2.3898253440856934; val_CER: 0.2410213053226471; val_WER: 0.5909222960472107; val_loss: 1.1283410787582397
2025-03-06 03:27:36,821 - root - INFO - Epoch 51; CER: 0.23967595398426056; WER: 0.5891754031181335; loss: 2.3528120517730713; val_CER: 0.23940245807170868; val_WER: 0.5885969400405884; val_loss: 1.0448129177093506
2025-03-06 03:41:29,368 - root - INFO - Epoch 52; CER: 0.23807159066200256; WER: 0.5868276357650757; loss: 2.3318276405334473; val_CER: 0.23781242966651917; val_WER: 0.5862886905670166; val_loss: 1.109789490699768
2025-03-06 03:55:16,225 - root - INFO - Epoch 53; CER: 0.23648537695407867; WER: 0.5844871401786804; loss: 2.2615010738372803; val_CER: 0.23622944951057434; val_WER: 0.5839414000511169; val_loss: 1.0681647062301636
2025-03-06 04:09:00,450 - root - INFO - Epoch 54; CER: 0.23495854437351227; WER: 0.5822148323059082; loss: 2.2652077674865723; val_CER: 0.2347099334001541; val_WER: 0.5816808938980103; val_loss: 1.0718902349472046
2025-03-06 04:22:44,959 - root - INFO - Epoch 55; CER: 0.23346395790576935; WER: 0.5799564123153687; loss: 2.2508039474487305; val_CER: 0.2332228124141693; val_WER: 0.5794368982315063; val_loss: 1.0706813335418701
2025-03-06 04:36:30,675 - root - INFO - Epoch 56; CER: 0.23199692368507385; WER: 0.5777167677879333; loss: 2.208413600921631; val_CER: 0.23176302015781403; val_WER: 0.5772141814231873; val_loss: 1.0543811321258545
2025-03-06 04:50:28,764 - root - INFO - Epoch 57; CER: 0.2307399958372116; WER: 0.5758968591690063; loss: 2.4213011264801025; val_CER: 0.2305198311805725; val_WER: 0.5754378437995911; val_loss: 1.1516187191009521
2025-03-06 05:04:21,753 - root - INFO - Epoch 58; CER: 0.2293674796819687; WER: 0.5738071799278259; loss: 2.2015976905822754; val_CER: 0.2291441410779953; val_WER: 0.5733219981193542; val_loss: 1.0567821264266968
2025-03-06 05:18:06,613 - root - INFO - Epoch 59; CER: 0.2280697524547577; WER: 0.5718408823013306; loss: 2.2532546520233154; val_CER: 0.22785086929798126; val_WER: 0.5713672041893005; val_loss: 1.0691862106323242
2025-03-06 05:31:52,294 - root - INFO - Epoch 60; CER: 0.2268178015947342; WER: 0.5699612498283386; loss: 2.2551674842834473; val_CER: 0.22660411894321442; val_WER: 0.5694934725761414; val_loss: 1.0461509227752686
2025-03-06 05:45:38,249 - root - INFO - Epoch 61; CER: 0.22557777166366577; WER: 0.5680831074714661; loss: 2.225271701812744; val_CER: 0.22536753118038177; val_WER: 0.5676136612892151; val_loss: 1.0014671087265015
2025-03-06 05:59:41,782 - root - INFO - Epoch 62; CER: 0.2243635505437851; WER: 0.566218376159668; loss: 2.199399709701538; val_CER: 0.22417545318603516; val_WER: 0.5658320784568787; val_loss: 1.1749663352966309
2025-03-06 06:13:29,592 - root - INFO - Epoch 63; CER: 0.2232070118188858; WER: 0.5644705295562744; loss: 2.2068192958831787; val_CER: 0.22301062941551208; val_WER: 0.5640358328819275; val_loss: 1.0484577417373657
2025-03-06 06:27:16,319 - root - INFO - Epoch 64; CER: 0.2221001535654068; WER: 0.562790036201477; loss: 2.2363228797912598; val_CER: 0.22190943360328674; val_WER: 0.5623703002929688; val_loss: 1.0627089738845825
2025-03-06 06:41:04,616 - root - INFO - Epoch 65; CER: 0.2210705280303955; WER: 0.561253011226654; loss: 2.3005943298339844; val_CER: 0.22088441252708435; val_WER: 0.5608416795730591; val_loss: 1.0616450309753418
2025-03-06 06:54:59,014 - root - INFO - Epoch 66; CER: 0.21998758614063263; WER: 0.5595731139183044; loss: 2.1825790405273438; val_CER: 0.21980248391628265; val_WER: 0.5591564178466797; val_loss: 1.029455304145813
2025-03-06 07:08:49,726 - root - INFO - Epoch 67; CER: 0.2189600169658661; WER: 0.5579904913902283; loss: 2.219254493713379; val_CER: 0.21879121661186218; val_WER: 0.5576323866844177; val_loss: 1.138624668121338
2025-03-06 07:22:38,291 - root - INFO - Epoch 68; CER: 0.21795830130577087; WER: 0.5564747452735901; loss: 2.2007927894592285; val_CER: 0.21778453886508942; val_WER: 0.5560895204544067; val_loss: 1.0875316858291626
2025-03-06 07:36:24,428 - root - INFO - Epoch 69; CER: 0.21701164543628693; WER: 0.555057168006897; loss: 2.2583370208740234; val_CER: 0.21683762967586517; val_WER: 0.5546548962593079; val_loss: 1.002271056175232
2025-03-06 07:50:10,163 - root - INFO - Epoch 70; CER: 0.2160186916589737; WER: 0.5535074472427368; loss: 2.1604456901550293; val_CER: 0.2158617377281189; val_WER: 0.5531685948371887; val_loss: 1.1549010276794434
2025-03-06 08:03:57,787 - root - INFO - Epoch 71; CER: 0.21512648463249207; WER: 0.5521697998046875; loss: 2.2459328174591064; val_CER: 0.2149631679058075; val_WER: 0.5517953038215637; val_loss: 1.04072105884552
2025-03-06 08:17:48,370 - root - INFO - Epoch 72; CER: 0.21421319246292114; WER: 0.5507522225379944; loss: 2.1938796043395996; val_CER: 0.21404975652694702; val_WER: 0.5503791570663452; val_loss: 1.0053349733352661
2025-03-06 08:31:35,964 - root - INFO - Epoch 73; CER: 0.21330685913562775; WER: 0.5493242144584656; loss: 2.164632797241211; val_CER: 0.21314875781536102; val_WER: 0.5489582419395447; val_loss: 1.0317938327789307
2025-03-06 08:45:21,492 - root - INFO - Epoch 74; CER: 0.21244719624519348; WER: 0.5480076670646667; loss: 2.191882610321045; val_CER: 0.2122909128665924; val_WER: 0.5476532578468323; val_loss: 1.0105806589126587
2025-03-06 08:59:06,425 - root - INFO - Epoch 75; CER: 0.21160757541656494; WER: 0.5466954708099365; loss: 2.20002818107605; val_CER: 0.21200239658355713; val_WER: 0.5471915602684021; val_loss: 12.609419822692871
2025-03-06 09:12:53,566 - root - INFO - Epoch 76; CER: 0.21136850118637085; WER: 0.5463274121284485; loss: 2.27437424659729; val_CER: 0.211221382021904; val_WER: 0.5459911823272705; val_loss: 1.0513551235198975
2025-03-06 09:26:47,078 - root - INFO - Epoch 77; CER: 0.2105208784341812; WER: 0.5449609756469727; loss: 2.111975908279419; val_CER: 0.21038393676280975; val_WER: 0.544661819934845; val_loss: 1.1311280727386475
2025-03-06 09:40:38,452 - root - INFO - Epoch 78; CER: 0.20973005890846252; WER: 0.5437396168708801; loss: 2.165963649749756; val_CER: 0.2096160352230072; val_WER: 0.5435241460800171; val_loss: 1.445357084274292
2025-03-06 09:54:28,603 - root - INFO - Epoch 79; CER: 0.20901457965373993; WER: 0.54271399974823; loss: 2.2186503410339355; val_CER: 0.2088744193315506; val_WER: 0.5423892736434937; val_loss: 1.0183988809585571
2025-03-06 10:08:20,341 - root - INFO - Epoch 80; CER: 0.2082555890083313; WER: 0.5415263175964355; loss: 2.160388946533203; val_CER: 0.20811495184898376; val_WER: 0.5411927700042725; val_loss: 0.9942917823791504
2025-03-06 10:22:11,467 - root - INFO - Epoch 81; CER: 0.20747868716716766; WER: 0.5402581691741943; loss: 2.1073780059814453; val_CER: 0.20734159648418427; val_WER: 0.5399389863014221; val_loss: 0.9960351586341858
2025-03-06 10:36:14,928 - root - INFO - Epoch 82; CER: 0.2067440003156662; WER: 0.5390941500663757; loss: 2.1485846042633057; val_CER: 0.20660799741744995; val_WER: 0.5387758016586304; val_loss: 1.0158268213272095
2025-03-06 10:50:14,058 - root - INFO - Epoch 83; CER: 0.20602519810199738; WER: 0.537950336933136; loss: 2.1645851135253906; val_CER: 0.20589420199394226; val_WER: 0.5376464128494263; val_loss: 1.0314571857452393
2025-03-06 11:04:04,472 - root - INFO - Epoch 84; CER: 0.20532368123531342; WER: 0.5368459224700928; loss: 2.1587042808532715; val_CER: 0.20519454777240753; val_WER: 0.5365448594093323; val_loss: 1.0261238813400269
2025-03-06 11:17:55,336 - root - INFO - Epoch 85; CER: 0.20462536811828613; WER: 0.5357175469398499; loss: 2.13179612159729; val_CER: 0.2044963836669922; val_WER: 0.5354074239730835; val_loss: 0.9652016758918762
2025-03-06 11:31:48,223 - root - INFO - Epoch 86; CER: 0.20394101738929749; WER: 0.5346294641494751; loss: 2.1221048831939697; val_CER: 0.20381584763526917; val_WER: 0.5343335866928101; val_loss: 1.0135427713394165
2025-03-06 11:45:46,343 - root - INFO - Epoch 87; CER: 0.2032533437013626; WER: 0.5334892868995667; loss: 2.0880305767059326; val_CER: 0.20313096046447754; val_WER: 0.533200740814209; val_loss: 1.0225622653961182
2025-03-06 11:59:49,052 - root - INFO - Epoch 88; CER: 0.2026444524526596; WER: 0.5325399041175842; loss: 2.210221290588379; val_CER: 0.20251895487308502; val_WER: 0.5322373509407043; val_loss: 0.9591944217681885
2025-03-06 12:13:40,916 - root - INFO - Epoch 89; CER: 0.2020096331834793; WER: 0.5315210819244385; loss: 2.150505781173706; val_CER: 0.20189669728279114; val_WER: 0.5312647223472595; val_loss: 1.1214302778244019
2025-03-06 12:27:30,446 - root - INFO - Epoch 90; CER: 0.20139312744140625; WER: 0.5305323004722595; loss: 2.127453565597534; val_CER: 0.2012777328491211; val_WER: 0.5302599668502808; val_loss: 1.0129239559173584
2025-03-06 12:41:20,268 - root - INFO - Epoch 91; CER: 0.2007823884487152; WER: 0.5295428037643433; loss: 2.1274285316467285; val_CER: 0.2006707489490509; val_WER: 0.5292780995368958; val_loss: 1.0683634281158447
2025-03-06 12:55:17,056 - root - INFO - Epoch 92; CER: 0.20016208291053772; WER: 0.5285302400588989; loss: 2.06587290763855; val_CER: 0.20004703104496002; val_WER: 0.5282524824142456; val_loss: 0.9868218898773193
2025-03-06 13:09:20,635 - root - INFO - Epoch 93; CER: 0.199584499001503; WER: 0.5276070237159729; loss: 2.1477653980255127; val_CER: 0.19947358965873718; val_WER: 0.5273404717445374; val_loss: 1.0063563585281372
2025-03-06 13:23:24,487 - root - INFO - Epoch 94; CER: 0.19901570677757263; WER: 0.5266813635826111; loss: 2.1392245292663574; val_CER: 0.19890928268432617; val_WER: 0.5264267921447754; val_loss: 1.0354660749435425
2025-03-06 13:37:29,015 - root - INFO - Epoch 95; CER: 0.19844001531600952; WER: 0.5257564783096313; loss: 2.1023154258728027; val_CER: 0.1983342319726944; val_WER: 0.5255115032196045; val_loss: 1.0682851076126099
2025-03-06 13:51:32,922 - root - INFO - Epoch 96; CER: 0.19788233935832977; WER: 0.5248520374298096; loss: 2.110173463821411; val_CER: 0.19777821004390717; val_WER: 0.5246038436889648; val_loss: 1.008765459060669
2025-03-06 14:05:39,887 - root - INFO - Epoch 97; CER: 0.19733981788158417; WER: 0.5239840149879456; loss: 2.110780715942383; val_CER: 0.19723758101463318; val_WER: 0.5237424373626709; val_loss: 1.0362937450408936
2025-03-06 14:19:41,977 - root - INFO - Epoch 98; CER: 0.19679711759090424; WER: 0.5230920910835266; loss: 2.086754322052002; val_CER: 0.19669543206691742; val_WER: 0.522846519947052; val_loss: 1.0186848640441895
2025-03-06 14:33:57,527 - root - INFO - Epoch 99; CER: 0.1962657868862152; WER: 0.5222010016441345; loss: 2.085177183151245; val_CER: 0.19616404175758362; val_WER: 0.5219526886940002; val_loss: 0.9667146801948547
2025-03-06 14:33:58,078 - absl - WARNING - You are saving your model as an HDF5 file via `model.save()` or `keras.saving.save_model(model)`. This file format is considered legacy. We recommend using instead the native Keras format, e.g. `model.save('my_model.keras')` or `keras.saving.save_model(model, 'my_model.keras')`. 
2025-03-06 14:33:58,543 - tensorflow - WARNING - From C:\Users\udaykumard\AppData\Local\Packages\PythonSoftwareFoundation.Python.3.10_qbz5n2kfra8p0\LocalCache\local-packages\Python310\site-packages\keras\src\backend\tensorflow\core.py:216: The name tf.placeholder is deprecated. Please use tf.compat.v1.placeholder instead.

2025-03-06 14:33:58,762 - absl - WARNING - Compiled the loaded model, but the compiled metrics have yet to be built. `model.compile_metrics` will be empty until you train or evaluate the model.
2025-03-06 14:33:59,997 - tf2onnx.tfonnx - INFO - Using tensorflow=2.18.0, onnx=1.17.0, tf2onnx=1.16.1/15c810
2025-03-06 14:33:59,997 - tf2onnx.tfonnx - INFO - Using opset <onnx, 15>
2025-03-06 14:34:00,076 - tf2onnx.tf_utils - INFO - Computed 0 values for constant folding
2025-03-06 14:34:00,076 - tf2onnx.tf_utils - INFO - Computed 0 values for constant folding
2025-03-06 14:34:00,076 - tf2onnx.tf_utils - INFO - Computed 0 values for constant folding
2025-03-06 14:34:00,092 - tf2onnx.tf_utils - INFO - Computed 0 values for constant folding
2025-03-06 14:34:00,127 - tf2onnx.tf_utils - INFO - Computed 0 values for constant folding
2025-03-06 14:34:00,527 - tf2onnx.optimizer - INFO - Optimizing ONNX model
2025-03-06 14:34:02,808 - tf2onnx.optimizer - INFO - After optimization: And -1 (4->3), Cast -14 (22->8), Concat -1 (4->3), Const -50 (184->134), Expand -1 (4->3), Gather +1 (6->7), Identity -46 (48->2), Less -3 (8->5), Placeholder -2 (17->15), Shape -2 (7->5), Slice -1 (9->8), Squeeze -3 (7->4), Transpose -48 (54->6), Unsqueeze -7 (7->0)
